<?xml version="1.0" encoding="UTF-8"?>
<testng-results ignored="0" total="2" passed="2" failed="0" skipped="0">
  <reporter-output>
  </reporter-output>
  <suite started-at="2024-01-02T02:03:51 CST" name="Default suite" finished-at="2024-01-02T02:03:55 CST" duration-ms="4205">
    <groups>
    </groups>
    <test started-at="2024-01-02T02:03:51 CST" name="Default test" finished-at="2024-01-02T02:03:55 CST" duration-ms="4205">
      <class name="testCases.DeleteOneAccount">
        <test-method signature="tokengenerator()[pri:1, instance:testCases.DeleteOneAccount@1de76cc7]" started-at="2024-01-02T02:03:51 CST" name="tokengenerator" finished-at="2024-01-02T02:03:54 CST" duration-ms="3029" status="PASS">
          <reporter-output>
          </reporter-output>
        </test-method> <!-- tokengenerator -->
        <test-method signature="readOneAccount()[pri:2, instance:testCases.DeleteOneAccount@1de76cc7]" started-at="2024-01-02T02:03:54 CST" name="readOneAccount" finished-at="2024-01-02T02:03:55 CST" duration-ms="1135" status="PASS">
          <reporter-output>
          </reporter-output>
        </test-method> <!-- readOneAccount -->
      </class> <!-- testCases.DeleteOneAccount -->
    </test> <!-- Default test -->
  </suite> <!-- Default suite -->
</testng-results>
